[01m[Kc++:[m[K [01;31m[Kfatal error: [m[KProcessus arr√™t√© signal terminated program cc1plus
compilation terminated.
make[2]: *** [planning_components_tools/CMakeFiles/moveit_evaluate_collision_checking_speed.dir/build.make:63 : planning_components_tools/CMakeFiles/moveit_evaluate_collision_checking_speed.dir/src/evaluate_collision_checking_speed.cpp.o] Erreur 1
make[1]: *** [CMakeFiles/Makefile2:3285 : planning_components_tools/CMakeFiles/moveit_evaluate_collision_checking_speed.dir/all] Erreur 2
make[1]: *** Attente des t√¢ches non termin√©es....
make: *** [Makefile:141 : all] Erreur 2
